Started 
Heap handle: 01BA0000
start process C:\Users\Jorge Climis\Documents\Clarion Projects\existencias\existencias.Exe
Command line :> "C:\Program Files (x86)\SoftVelocity\Clarion8\bin\Cladb.exe" -s Release "C:\Users\Jorge Climis\Documents\Clarion Projects\existencias\existencias.Exe" 
Command line :> "C:\Users\Jorge Climis\Documents\Clarion Projects\existencias\existencias.Exe" 
Redirection file :> 
CREATE_PROCESS_DEBUG_EVENT  ! No image name found
g.debug_name C:\Users\Jorge Climis\Documents\Clarion Projects\existencias\existencias.Exe
BaseOfImage                00400000
CREATE_PROCESS_DEBUG_EVENT: process main thread tid=00002D10
thread handle=00000438
ntdll.dll Loaded at: 76F60000
No debug information
UNLOAD_DLL_DEBUG_EVENT: BaseOfDll 006C0000
UNLOAD_DLL_DEBUG_EVENT: BaseOfDll 73840000
UNLOAD_DLL_DEBUG_EVENT: BaseOfDll 006C0000
KERNEL32.dll Loaded at: 73840000
No debug information
KERNELBASE.dll Loaded at: 73AC0000
No debug information
CREATE_THREAD_DEBUG_EVENT: tid=00002A24
thread handle=00000474
CREATE_THREAD_DEBUG_EVENT: tid=00001438
thread handle=00000448
CREATE_THREAD_DEBUG_EVENT: tid=00002618
thread handle=00000470
SHELL32.dll Loaded at: 75B00000
No debug information
msvcrt.dll Loaded at: 74B60000
No debug information
claevo.dll Loaded at: 00BD0000
No debug information
UNLOAD_DLL_DEBUG_EVENT: BaseOfDll 00BD0000
ClaASC.dll Loaded at: 00DE0000
No debug information
ClaDOS.dll Loaded at: 00690000
No debug information
UNLOAD_DLL_DEBUG_EVENT: BaseOfDll 00DE0000
UNLOAD_DLL_DEBUG_EVENT: BaseOfDll 00690000
CFGMGR32.dll Loaded at: 75740000
No debug information
ClaMEM.dll Loaded at: 02330000
No debug information
ClaMSS.dll Loaded at: 00BD0000
No debug information
UNLOAD_DLL_DEBUG_EVENT: BaseOfDll 00BD0000
ClaRUN.dll Loaded at: 01000000
WslDb$$NotifyDebugger 010D1CB0
ucrtbase.dll Loaded at: 73920000
No debug information
USER32.dll Loaded at: 75780000
No debug information
ADVAPI32.dll Loaded at: 73CB0000
No debug information
win32u.dll Loaded at: 742C0000
No debug information
SHCORE.dll Loaded at: 749F0000
No debug information
SECHOST.dll Loaded at: 73D30000
No debug information
GDI32.dll Loaded at: 73D80000
No debug information
RPCRT4.dll Loaded at: 75930000
No debug information
gdi32full.dll Loaded at: 74880000
No debug information
SspiCli.dll Loaded at: 73820000
No debug information
msvcp_win.dll Loaded at: 73A40000
No debug information
RPCRT4.dll Loaded at: 00BD0000
No debug information
UNLOAD_DLL_DEBUG_EVENT: BaseOfDll 00BD0000
CRYPTBASE.dll Loaded at: 73810000
No debug information
combase.dll Loaded at: 754E0000
No debug information
bcryptPrimitives.dll Loaded at: 752E0000
No debug information
bcryptPrimitives.dll Loaded at: 00BD0000
No debug information
UNLOAD_DLL_DEBUG_EVENT: BaseOfDll 00BD0000
Windows.Storage.dll Loaded at: 74C80000
No debug information
COMDLG32.dll Loaded at: 74370000
No debug information
SHLWAPI.dll Loaded at: 00BD0000
No debug information
COMCTL32.dll Loaded at: 705A0000
No debug information
SHLWAPI.dll Loaded at: 74250000
No debug information
UNLOAD_DLL_DEBUG_EVENT: BaseOfDll 74250000
ole32.dll Loaded at: 740D0000
No debug information
AppCore.dll Loaded at: 74C20000
No debug information
OLEAUT32.dll Loaded at: 75240000
No debug information
profapi.dll Loaded at: 75910000
No debug information
MPR.dll Loaded at: 730F0000
No debug information
POWRPROF.dll Loaded at: 74C30000
No debug information
WINSPOOL.DRV Loaded at: 73110000
No debug information
FLTLIB.DLL Loaded at: 742B0000
No debug information
oledlg.dll Loaded at: 6DE70000
No debug information
IPHLPAPI.DLL Loaded at: 72CE0000
No debug information
PROPSYS.dll Loaded at: 72D10000
No debug information
bcrypt.dll Loaded at: 72CC0000
No debug information
claevo.dll Loaded at: 00C20000
No debug information
ClaASC.dll Loaded at: 00E30000
No debug information
ClaASC.dll Loaded at: 00E50000
No debug information
UNLOAD_DLL_DEBUG_EVENT: BaseOfDll 00E50000
ClaDOS.dll Loaded at: 00690000
No debug information
ClaMSS.dll Loaded at: 00E70000
No debug information
ClaOLE.dll Loaded at: 00E50000
No debug information
UNLOAD_DLL_DEBUG_EVENT: BaseOfDll 00E50000
ClaOLE.dll Loaded at: 00E50000
No debug information
IMM32.dll Loaded at: 74A80000
No debug information
